[debug] [2023-06-13T16:43:09.409Z] ----------------------------------------------------------------------
[debug] [2023-06-13T16:43:09.412Z] Command:       E:\node.exe F:\Sannya\Mobile Development\The-Cleaning-Bee\node_modules\firebase-tools\lib\bin\firebase.js emulators:start
[debug] [2023-06-13T16:43:09.414Z] CLI Version:   12.2.1
[debug] [2023-06-13T16:43:09.414Z] Platform:      win32
[debug] [2023-06-13T16:43:09.414Z] Node Version:  v16.15.0
[debug] [2023-06-13T16:43:09.424Z] Time:          Tue Jun 13 2023 21:43:09 GMT+0500 (Pakistan Standard Time)
[debug] [2023-06-13T16:43:09.424Z] ----------------------------------------------------------------------
[debug] 
[debug] [2023-06-13T16:43:09.453Z] >>> [apiv2][query] GET https://firebase-public.firebaseio.com/cli.json [none]
[debug] [2023-06-13T16:43:09.627Z] > command requires scopes: ["email","openid","https://www.googleapis.com/auth/cloudplatformprojects.readonly","https://www.googleapis.com/auth/firebase","https://www.googleapis.com/auth/cloud-platform"]
[debug] [2023-06-13T16:43:09.627Z] > authorizing via signed-in user (sannya.wasim01@gmail.com)
[info] i  emulators: Starting emulators: functions {"metadata":{"emulator":{"name":"hub"},"message":"Starting emulators: functions"}}
[debug] [2023-06-13T16:43:09.646Z] [logging] Logging Emulator only supports listening on one address (127.0.0.1). Not listening on ::1
[debug] [2023-06-13T16:43:09.647Z] assigned listening specs for emulators {"user":{"hub":[{"address":"127.0.0.1","family":"IPv4","port":4400},{"address":"::1","family":"IPv6","port":4400}],"ui":[{"address":"127.0.0.1","family":"IPv4","port":4000},{"address":"::1","family":"IPv6","port":4000}],"logging":[{"address":"127.0.0.1","family":"IPv4","port":4500}]},"metadata":{"message":"assigned listening specs for emulators"}}
[debug] [2023-06-13T16:43:09.673Z] [hub] writing locator at C:\Users\HP\AppData\Local\Temp\hub-the-cleaning-bee.json
[debug] [2023-06-13T16:43:09.773Z] [functions] Functions Emulator only supports listening on one address (127.0.0.1). Not listening on ::1
[debug] [2023-06-13T16:43:09.774Z] [eventarc] Eventarc Emulator only supports listening on one address (127.0.0.1). Not listening on ::1
[debug] [2023-06-13T16:43:09.775Z] late-assigned ports for functions and eventarc emulators {"user":{"hub":[{"address":"127.0.0.1","family":"IPv4","port":4400},{"address":"::1","family":"IPv6","port":4400}],"ui":[{"address":"127.0.0.1","family":"IPv4","port":4000},{"address":"::1","family":"IPv6","port":4000}],"logging":[{"address":"127.0.0.1","family":"IPv4","port":4500}],"functions":[{"address":"127.0.0.1","family":"IPv4","port":5001}],"eventarc":[{"address":"127.0.0.1","family":"IPv4","port":9299}]},"metadata":{"message":"late-assigned ports for functions and eventarc emulators"}}
[warn] !  functions: The following emulators are not running, calls to these services from the Functions emulator will affect production: auth, firestore, database, hosting, pubsub, storage {"metadata":{"emulator":{"name":"functions"},"message":"The following emulators are not running, calls to these services from the Functions emulator will affect production: \u001b[1mauth, firestore, database, hosting, pubsub, storage\u001b[22m"}}
[debug] [2023-06-13T16:43:09.792Z] defaultcredentials: writing to file C:\Users\HP\AppData\Roaming\firebase\sannya_wasim01_gmail.com_application_default_credentials.json
[debug] [2023-06-13T16:43:09.800Z] Setting GAC to C:\Users\HP\AppData\Roaming\firebase\sannya_wasim01_gmail.com_application_default_credentials.json {"metadata":{"emulator":{"name":"functions"},"message":"Setting GAC to C:\\Users\\HP\\AppData\\Roaming\\firebase\\sannya_wasim01_gmail.com_application_default_credentials.json"}}
[debug] [2023-06-13T16:43:09.802Z] > refreshing access token with scopes: []
[debug] [2023-06-13T16:43:09.804Z] >>> [apiv2][query] POST https://www.googleapis.com/oauth2/v3/token [none]
[debug] [2023-06-13T16:43:09.804Z] >>> [apiv2][body] POST https://www.googleapis.com/oauth2/v3/token [omitted]
[debug] [2023-06-13T16:43:10.207Z] <<< [apiv2][status] POST https://www.googleapis.com/oauth2/v3/token 200
[debug] [2023-06-13T16:43:10.207Z] <<< [apiv2][body] POST https://www.googleapis.com/oauth2/v3/token [omitted]
[debug] [2023-06-13T16:43:10.252Z] >>> [apiv2][query] GET https://firebase.googleapis.com/v1beta1/projects/the-cleaning-bee/adminSdkConfig [none]
[debug] [2023-06-13T16:43:10.354Z] <<< [apiv2][status] GET https://firebase-public.firebaseio.com/cli.json 200
[debug] [2023-06-13T16:43:10.355Z] <<< [apiv2][body] GET https://firebase-public.firebaseio.com/cli.json {"cloudBuildErrorAfter":1594252800000,"cloudBuildWarnAfter":1590019200000,"defaultNode10After":1594252800000,"minVersion":"3.0.5","node8DeploysDisabledAfter":1613390400000,"node8RuntimeDisabledAfter":1615809600000,"node8WarnAfter":1600128000000}
[debug] [2023-06-13T16:43:10.967Z] <<< [apiv2][status] GET https://firebase.googleapis.com/v1beta1/projects/the-cleaning-bee/adminSdkConfig 200
[debug] [2023-06-13T16:43:10.967Z] <<< [apiv2][body] GET https://firebase.googleapis.com/v1beta1/projects/the-cleaning-bee/adminSdkConfig {"projectId":"the-cleaning-bee","storageBucket":"the-cleaning-bee.appspot.com"}
[debug] [2023-06-13T16:43:11.018Z] Ignoring unsupported arg: auto_download {"metadata":{"emulator":{"name":"ui"},"message":"Ignoring unsupported arg: auto_download"}}
[debug] [2023-06-13T16:43:11.019Z] Ignoring unsupported arg: port {"metadata":{"emulator":{"name":"ui"},"message":"Ignoring unsupported arg: port"}}
[debug] [2023-06-13T16:43:11.019Z] Starting Emulator UI with command {"binary":"node","args":["C:\\Users\\HP\\.cache\\firebase\\emulators\\ui-v1.11.6\\server\\server.js"],"optionalArgs":[],"joinArgs":false} {"metadata":{"emulator":{"name":"ui"},"message":"Starting Emulator UI with command {\"binary\":\"node\",\"args\":[\"C:\\\\Users\\\\HP\\\\.cache\\\\firebase\\\\emulators\\\\ui-v1.11.6\\\\server\\\\server.js\"],\"optionalArgs\":[],\"joinArgs\":false}"}}
[info] i  ui: Emulator UI logging to ui-debug.log {"metadata":{"emulator":{"name":"ui"},"message":"Emulator UI logging to \u001b[1mui-debug.log\u001b[22m"}}
[debug] [2023-06-13T16:43:11.967Z] Web / API server started at 127.0.0.1:4000
 {"metadata":{"emulator":{"name":"ui"},"message":"Web / API server started at 127.0.0.1:4000\n"}}
[debug] [2023-06-13T16:43:11.967Z] Web / API server started at ::1:4000
 {"metadata":{"emulator":{"name":"ui"},"message":"Web / API server started at ::1:4000\n"}}
[info] i  functions: Watching "F:\Sannya\Mobile Development\The-Cleaning-Bee\functions" for Cloud Functions... {"metadata":{"emulator":{"name":"functions"},"message":"Watching \"F:\\Sannya\\Mobile Development\\The-Cleaning-Bee\\functions\" for Cloud Functions..."}}
[debug] [2023-06-13T16:43:12.098Z] Validating nodejs source
[debug] [2023-06-13T16:43:22.195Z] checkFunctionsSDKVersion was unable to fetch information from NPM Error: spawnSync C:\WINDOWS\system32\cmd.exe ETIMEDOUT
    at Object.spawnSync (node:internal/child_process:1111:20)
    at Object.spawnSync (node:child_process:814:24)
    at Function.spawnSync [as sync] (F:\Sannya\Mobile Development\The-Cleaning-Bee\node_modules\firebase-tools\node_modules\cross-spawn\index.js:26:23)
    at Object.getLatestSDKVersion (F:\Sannya\Mobile Development\The-Cleaning-Bee\node_modules\firebase-tools\lib\deploy\functions\runtimes\node\versioning.js:55:25)
    at Object.checkFunctionsSDKVersion (F:\Sannya\Mobile Development\The-Cleaning-Bee\node_modules\firebase-tools\lib\deploy\functions\runtimes\node\versioning.js:76:32)
    at Delegate.validate (F:\Sannya\Mobile Development\The-Cleaning-Bee\node_modules\firebase-tools\lib\deploy\functions\runtimes\node\index.js:84:20)
    at FunctionsEmulator.discoverTriggers (F:\Sannya\Mobile Development\The-Cleaning-Bee\node_modules\firebase-tools\lib\emulator\functionsEmulator.js:297:35)
    at async FunctionsEmulator.loadTriggers (F:\Sannya\Mobile Development\The-Cleaning-Bee\node_modules\firebase-tools\lib\emulator\functionsEmulator.js:326:34)
    at async FunctionsEmulator.connect (F:\Sannya\Mobile Development\The-Cleaning-Bee\node_modules\firebase-tools\lib\emulator\functionsEmulator.js:263:13)
    at async Object.startAll (F:\Sannya\Mobile Development\The-Cleaning-Bee\node_modules\firebase-tools\lib\emulator\controller.js:556:13)
[debug] [2023-06-13T16:43:22.196Z] > [functions] package.json contents: {
  "name": "functions",
  "description": "Cloud Functions for Firebase",
  "scripts": {
    "lint": "eslint .",
    "serve": "firebase emulators:start --only functions",
    "shell": "firebase functions:shell",
    "start": "npm run shell",
    "deploy": "firebase deploy --only functions",
    "logs": "firebase functions:log"
  },
  "engines": {
    "node": "18"
  },
  "main": "index.js",
  "dependencies": {
    "express": "^4.18.2",
    "firebase-admin": "^11.8.0",
    "firebase-functions": "^4.3.1",
    "stripe": "^12.9.0"
  },
  "devDependencies": {
    "eslint": "^8.15.0",
    "eslint-config-google": "^0.14.0",
    "firebase-functions-test": "^3.1.0"
  },
  "private": true
}
[debug] [2023-06-13T16:43:22.197Z] Building nodejs source
[debug] [2023-06-13T16:43:22.198Z] Failed to find version of module node: reached end of search path F:\Sannya\Mobile Development\The-Cleaning-Bee\functions\node_modules
[warn] !  functions: Your requested "node" version "18" doesn't match your global version "16". Using node@16 from host. 
[debug] [2023-06-13T16:43:22.226Z] Could not find functions.yaml. Must use http discovery
[debug] [2023-06-13T16:43:22.251Z] Found firebase-functions binary at 'F:\Sannya\Mobile Development\The-Cleaning-Bee\functions\node_modules\.bin\firebase-functions'
[debug] [2023-06-13T16:43:26.101Z] Serving at port 8284

[debug] [2023-06-13T16:43:38.639Z] shutdown requested via /__/quitquitquit

[error] !!  functions: Failed to load function definition from source: FirebaseError: User code failed to load. Cannot determine backend specification {"metadata":{"emulator":{"name":"functions"},"message":"Failed to load function definition from source: FirebaseError: User code failed to load. Cannot determine backend specification"}}
[info] 
┌─────────────────────────────────────────────────────────────┐
│ ✔  All emulators ready! It is now safe to connect your app. │
│ i  View Emulator UI at http://127.0.0.1:4000/               │
└─────────────────────────────────────────────────────────────┘

┌───────────┬────────────────┬─────────────────────────────────┐
│ Emulator  │ Host:Port      │ View in Emulator UI             │
├───────────┼────────────────┼─────────────────────────────────┤
│ Functions │ 127.0.0.1:5001 │ http://127.0.0.1:4000/functions │
└───────────┴────────────────┴─────────────────────────────────┘
  Emulator Hub running at 127.0.0.1:4400
  Other reserved ports: 4500

Issues? Report them at https://github.com/firebase/firebase-tools/issues and attach the *-debug.log files.
 
[debug] [2023-06-13T16:51:01.799Z] [work-queue] {"queuedWork":["/the-cleaning-bee/us-central1/processPayment-2023-06-13T16:51:01.799Z"],"queueLength":1,"runningWork":[],"workRunningCount":0}
[debug] [2023-06-13T16:51:01.801Z] [work-queue] {"queuedWork":[],"queueLength":0,"runningWork":["/the-cleaning-bee/us-central1/processPayment-2023-06-13T16:51:01.799Z"],"workRunningCount":1}
[debug] [2023-06-13T16:51:01.807Z] [work-queue] {"queuedWork":[],"queueLength":0,"runningWork":[],"workRunningCount":0}
[debug] [2023-06-13T16:52:08.444Z] [work-queue] {"queuedWork":["/the-cleaning-bee/us-central1/api/create-payment-intent-2023-06-13T16:52:08.444Z"],"queueLength":1,"runningWork":[],"workRunningCount":0}
[debug] [2023-06-13T16:52:08.445Z] [work-queue] {"queuedWork":[],"queueLength":0,"runningWork":["/the-cleaning-bee/us-central1/api/create-payment-intent-2023-06-13T16:52:08.444Z"],"workRunningCount":1}
[debug] [2023-06-13T16:52:08.452Z] [work-queue] {"queuedWork":[],"queueLength":0,"runningWork":[],"workRunningCount":0}
[debug] [2023-06-13T16:52:13.432Z] [work-queue] {"queuedWork":["/the-cleaning-bee/us-central1/api/create-payment-intent-2023-06-13T16:52:13.431Z"],"queueLength":1,"runningWork":[],"workRunningCount":0}
[debug] [2023-06-13T16:52:13.435Z] [work-queue] {"queuedWork":[],"queueLength":0,"runningWork":["/the-cleaning-bee/us-central1/api/create-payment-intent-2023-06-13T16:52:13.431Z"],"workRunningCount":1}
[debug] [2023-06-13T16:52:13.441Z] [work-queue] {"queuedWork":[],"queueLength":0,"runningWork":[],"workRunningCount":0}
[debug] [2023-06-13T16:52:25.570Z] [work-queue] {"queuedWork":["/the-cleaning-bee/us-central1/processPayment-2023-06-13T16:52:25.569Z"],"queueLength":1,"runningWork":[],"workRunningCount":0}
[debug] [2023-06-13T16:52:25.575Z] [work-queue] {"queuedWork":[],"queueLength":0,"runningWork":["/the-cleaning-bee/us-central1/processPayment-2023-06-13T16:52:25.569Z"],"workRunningCount":1}
[debug] [2023-06-13T16:52:25.581Z] [work-queue] {"queuedWork":[],"queueLength":0,"runningWork":[],"workRunningCount":0}
